[INFO] 15-01-2024 23:53:30 [main] LogUtils - Đây là log đầu tiên
[INFO] 15-01-2024 23:58:57 [main] LogUtils - Đây là log đầu tiên
[INFO] 16-01-2024 00:00:10 [TestNG-PoolService-0] LogUtils - Open URL: https://crm.anhtester.com/admin/authentication
[INFO] 16-01-2024 00:00:12 [TestNG-PoolService-0] LogUtils - Set text admin@example.com on input By.xpath: //input[@id='email']
[INFO] 16-01-2024 00:00:13 [TestNG-PoolService-0] LogUtils - Set text 123456 on input By.xpath: //input[@id='password']
[INFO] 16-01-2024 00:00:16 [TestNG-PoolService-0] LogUtils - Click on element By.xpath: //button[normalize-space()='Login']
[INFO] 16-01-2024 00:00:16 [TestNG-PoolService-0] LogUtils - Get current URL is: false
[INFO] 17-01-2024 22:38:04 [main] LogUtils - *********loginSuccess*********
[ERROR] 17-01-2024 22:38:04 [main] LogUtils - ==> loginSuccess is FAIL.
[ERROR] 17-01-2024 22:38:04 [main] LogUtils - ==> loginSuccess is FAIL.
[INFO] 17-01-2024 22:39:09 [main] LogUtils - *********loginSuccess*********
[ERROR] 17-01-2024 22:39:09 [main] LogUtils - ==> loginSuccess is FAIL.
[ERROR] 17-01-2024 22:39:09 [main] LogUtils - ==> loginSuccess is FAIL.
[INFO] 17-01-2024 22:40:02 [main] LogUtils - *********loginSuccess*********
[INFO] 17-01-2024 22:40:03 [main] LogUtils - Open URL: https://crm.anhtester.com/admin/authentication
[INFO] 17-01-2024 22:40:04 [main] LogUtils - Set text admin@example.com on input By.xpath: //input[@id='email']
[INFO] 17-01-2024 22:40:05 [main] LogUtils - Set text 123456 on input By.xpath: //input[@id='password']
[INFO] 17-01-2024 22:40:11 [main] LogUtils - Click on element By.xpath: //button[normalize-space()='Login']
[INFO] 17-01-2024 22:40:11 [main] LogUtils - Get current URL is: false
[INFO] 17-01-2024 22:40:13 [main] LogUtils - Click on element By.xpath: //span[normalize-space()='Customers']
[INFO] 17-01-2024 22:40:13 [main] LogUtils - ==> loginSuccess is successfully.
[INFO] 17-01-2024 22:43:48 [main] LogUtils - *********loginSuccess*********
[INFO] 17-01-2024 22:43:50 [main] LogUtils - Open URL: https://crm.anhtester.com/admin/authentication
[INFO] 17-01-2024 22:43:50 [main] LogUtils - Set text admin@example.com on input By.xpath: //input[@id='email']
[INFO] 17-01-2024 22:43:51 [main] LogUtils - Set text 123456 on input By.xpath: //input[@id='password']
[INFO] 17-01-2024 22:43:54 [main] LogUtils - Click on element By.xpath: //button[normalize-space()='Login']
[INFO] 17-01-2024 22:43:54 [main] LogUtils - Get current URL is: false
[INFO] 17-01-2024 22:43:56 [main] LogUtils - Click on element By.xpath: //span[normalize-space()='Customers']
[INFO] 17-01-2024 22:43:56 [main] LogUtils - ==> loginSuccess is successfully.
[INFO] 17-01-2024 22:50:10 [main] LogUtils - *********loginSuccess*********
[INFO] 17-01-2024 22:50:12 [main] LogUtils - Open URL: https://crm.anhtester.com/admin/authentication
[INFO] 17-01-2024 22:50:12 [main] LogUtils - Set text admin@example.com on input By.xpath: //input[@id='email']
[INFO] 17-01-2024 22:50:13 [main] LogUtils - Set text 123456 on input By.xpath: //input[@id='password']
[INFO] 17-01-2024 22:50:34 [main] LogUtils - Click on element By.xpath: //button[normalize-space()='Login']
[INFO] 17-01-2024 22:50:35 [main] LogUtils - Get current URL is: false
[INFO] 17-01-2024 22:50:36 [main] LogUtils - Click on element By.xpath: //span[normalize-space()='Customers']
[INFO] 17-01-2024 22:50:36 [main] LogUtils - ==> loginSuccess is successfully.
[INFO] 17-01-2024 22:52:11 [main] LogUtils - *********loginSuccess*********
[INFO] 17-01-2024 22:52:13 [main] LogUtils - Open URL: https://crm.anhtester.com/admin/authentication
[INFO] 17-01-2024 22:52:14 [main] LogUtils - Set text admin@example.com on input By.xpath: //input[@id='email']
[INFO] 17-01-2024 22:52:14 [main] LogUtils - Set text 123456 on input By.xpath: //input[@id='password']
[INFO] 17-01-2024 22:52:18 [main] LogUtils - Click on element By.xpath: //button[normalize-space()='Login']
[INFO] 17-01-2024 22:52:18 [main] LogUtils - Get current URL is: false
[INFO] 17-01-2024 22:52:19 [main] LogUtils - Click on element By.xpath: //span[normalize-space()='Customers']
[INFO] 17-01-2024 22:52:19 [main] LogUtils - ==> loginSuccess is successfully.
[ERROR] 17-01-2024 22:52:21 [main] LogUtils - ==> loginSuccess is FAIL.
[INFO] 17-01-2024 23:01:13 [main] LogUtils - *********loginWithEmailInvalid*********
[INFO] 17-01-2024 23:01:15 [main] LogUtils - Open URL: https://crm.anhtester.com/admin/authentication
[INFO] 17-01-2024 23:01:16 [main] LogUtils - Set text adminn@example.com on input By.xpath: //input[@id='email']
[INFO] 17-01-2024 23:01:16 [main] LogUtils - Set text 123456 on input By.xpath: //input[@id='password']
[INFO] 17-01-2024 23:01:18 [main] LogUtils - Click on element By.xpath: //button[normalize-space()='Login']
[INFO] 17-01-2024 23:01:18 [main] LogUtils - Get current URL is: true
[INFO] 17-01-2024 23:01:18 [main] LogUtils - Text show By.xpath: //div[@id='alerts']
[INFO] 17-01-2024 23:01:18 [main] LogUtils - Get text of element By.xpath: //div[@id='alerts'] is: Invalid email or password
[INFO] 17-01-2024 23:01:18 [main] LogUtils - ==> loginWithEmailInvalid is successfully.
[INFO] 17-01-2024 23:01:19 [main] LogUtils - *********loginWithPasswordInvalid*********
[INFO] 17-01-2024 23:01:20 [main] LogUtils - Open URL: https://crm.anhtester.com/admin/authentication
[INFO] 17-01-2024 23:01:21 [main] LogUtils - Set text admin@example.com on input By.xpath: //input[@id='email']
[INFO] 17-01-2024 23:01:21 [main] LogUtils - Set text 1234567 on input By.xpath: //input[@id='password']
[INFO] 17-01-2024 23:01:23 [main] LogUtils - Click on element By.xpath: //button[normalize-space()='Login']
[INFO] 17-01-2024 23:01:23 [main] LogUtils - Get current URL is: true
[INFO] 17-01-2024 23:01:23 [main] LogUtils - Text show By.xpath: //div[@id='alerts']
[INFO] 17-01-2024 23:01:23 [main] LogUtils - Get text of element By.xpath: //div[@id='alerts'] is: Invalid email or password
[INFO] 17-01-2024 23:01:23 [main] LogUtils - ==> loginWithPasswordInvalid is successfully.
[INFO] 17-01-2024 23:01:24 [main] LogUtils - *********loginWithEmailPasswordEmpty*********
[INFO] 17-01-2024 23:01:25 [main] LogUtils - Open URL: https://crm.anhtester.com/admin/authentication
[INFO] 17-01-2024 23:01:26 [main] LogUtils - Set text  on input By.xpath: //input[@id='email']
[INFO] 17-01-2024 23:01:27 [main] LogUtils - Set text  on input By.xpath: //input[@id='password']
[INFO] 17-01-2024 23:01:28 [main] LogUtils - Click on element By.xpath: //button[normalize-space()='Login']
[INFO] 17-01-2024 23:01:28 [main] LogUtils - Get current URL is: true
[INFO] 17-01-2024 23:01:28 [main] LogUtils - Text show By.xpath: //div[normalize-space()='The Password field is required.']
[INFO] 17-01-2024 23:01:28 [main] LogUtils - Text show By.xpath: //div[normalize-space()='The Email Address field is required.']
[INFO] 17-01-2024 23:01:28 [main] LogUtils - Get text of element By.xpath: //div[normalize-space()='The Password field is required.'] is: The Password field is required.
[INFO] 17-01-2024 23:01:28 [main] LogUtils - Get text of element By.xpath: //div[normalize-space()='The Email Address field is required.'] is: The Email Address field is required.
[INFO] 17-01-2024 23:01:28 [main] LogUtils - ==> loginWithEmailPasswordEmpty is successfully.
[INFO] 17-01-2024 23:01:29 [main] LogUtils - *********loginWithEmailEmpty*********
[INFO] 17-01-2024 23:01:31 [main] LogUtils - Open URL: https://crm.anhtester.com/admin/authentication
[INFO] 17-01-2024 23:01:31 [main] LogUtils - Set text  on input By.xpath: //input[@id='email']
[INFO] 17-01-2024 23:01:32 [main] LogUtils - Set text 123456 on input By.xpath: //input[@id='password']
[INFO] 17-01-2024 23:01:33 [main] LogUtils - Click on element By.xpath: //button[normalize-space()='Login']
[INFO] 17-01-2024 23:01:33 [main] LogUtils - Text show By.xpath: //div[normalize-space()='The Email Address field is required.']
[INFO] 17-01-2024 23:01:33 [main] LogUtils - Get text of element By.xpath: //div[normalize-space()='The Email Address field is required.'] is: The Email Address field is required.
[INFO] 17-01-2024 23:01:33 [main] LogUtils - ==> loginWithEmailEmpty is successfully.
[INFO] 17-01-2024 23:01:35 [main] LogUtils - *********loginWithPasswordEmpty*********
[INFO] 17-01-2024 23:01:37 [main] LogUtils - Open URL: https://crm.anhtester.com/admin/authentication
[INFO] 17-01-2024 23:01:37 [main] LogUtils - Set text admin@example.com on input By.xpath: //input[@id='email']
[INFO] 17-01-2024 23:01:38 [main] LogUtils - Set text  on input By.xpath: //input[@id='password']
[INFO] 17-01-2024 23:01:39 [main] LogUtils - Click on element By.xpath: //button[normalize-space()='Login']
[INFO] 17-01-2024 23:01:39 [main] LogUtils - Text show By.xpath: //div[normalize-space()='The Password field is required.']
[INFO] 17-01-2024 23:01:40 [main] LogUtils - Get text of element By.xpath: //div[normalize-space()='The Password field is required.'] is: The Password field is required.
[INFO] 17-01-2024 23:01:40 [main] LogUtils - ==> loginWithPasswordEmpty is successfully.
[INFO] 17-01-2024 23:01:41 [main] LogUtils - *********chooseCheckboxRemenber*********
[INFO] 17-01-2024 23:01:42 [main] LogUtils - Open URL: https://crm.anhtester.com/admin/authentication
[INFO] 17-01-2024 23:01:43 [main] LogUtils - Click on element By.xpath: //label[normalize-space()='Remember me']
[INFO] 17-01-2024 23:01:43 [main] LogUtils - ==> chooseCheckboxRemenber is successfully.
[INFO] 17-01-2024 23:01:44 [main] LogUtils - *********loginSuccess*********
[INFO] 17-01-2024 23:01:46 [main] LogUtils - Open URL: https://crm.anhtester.com/admin/authentication
[INFO] 17-01-2024 23:01:47 [main] LogUtils - Set text admin@example.com on input By.xpath: //input[@id='email']
[INFO] 17-01-2024 23:01:47 [main] LogUtils - Set text 123456 on input By.xpath: //input[@id='password']
[INFO] 17-01-2024 23:01:50 [main] LogUtils - Click on element By.xpath: //button[normalize-space()='Login']
[INFO] 17-01-2024 23:01:51 [main] LogUtils - Get current URL is: false
[INFO] 17-01-2024 23:01:52 [main] LogUtils - Click on element By.xpath: //span[normalize-space()='Customers']
[INFO] 17-01-2024 23:01:52 [main] LogUtils - ==> loginSuccess is successfully.
[INFO] 17-01-2024 23:08:38 [main] LogUtils - *********loginSuccess*********
[INFO] 17-01-2024 23:08:41 [main] LogUtils - Open URL: https://crm.anhtester.com/admin/authentication
[INFO] 17-01-2024 23:08:41 [main] LogUtils - Set text admin@example.com on input By.xpath: //input[@id='email']
[INFO] 17-01-2024 23:08:42 [main] LogUtils - Set text 123456 on input By.xpath: //input[@id='password']
[INFO] 17-01-2024 23:08:47 [main] LogUtils - Click on element By.xpath: //button[normalize-space()='Login']
[INFO] 17-01-2024 23:08:47 [main] LogUtils - Get current URL is: false
[INFO] 17-01-2024 23:08:49 [main] LogUtils - Click on element By.xpath: //span[normalize-space()='Customers']
[INFO] 17-01-2024 23:08:49 [main] LogUtils - ==> loginSuccess is successfully.
[INFO] 17-01-2024 23:12:23 [main] LogUtils - *********loginSuccess*********
[WARN] 17-01-2024 23:12:24 [main] LogUtils - *********loginSuccess is SKIPPED *********
[INFO] 17-01-2024 23:13:18 [main] LogUtils - *********loginSuccess*********
[INFO] 17-01-2024 23:13:20 [main] LogUtils - Open URL: https://crm.anhtester.com/admin/authentication
[INFO] 17-01-2024 23:13:21 [main] LogUtils - Set text admin@example.com on input By.xpath: //input[@id='email']
[INFO] 17-01-2024 23:13:21 [main] LogUtils - Set text 123456 on input By.xpath: //input[@id='password']
[INFO] 17-01-2024 23:13:24 [main] LogUtils - Click on element By.xpath: //button[normalize-space()='Login']
[INFO] 17-01-2024 23:13:25 [main] LogUtils - Get current URL is: false
[INFO] 17-01-2024 23:13:26 [main] LogUtils - Click on element By.xpath: //span[normalize-space()='Customers']
[INFO] 17-01-2024 23:13:26 [main] LogUtils - ==> loginSuccess is successfully.
[INFO] 17-01-2024 23:16:45 [TestNG-PoolService-0] LogUtils - *********loginSuccess*********
[INFO] 17-01-2024 23:16:48 [TestNG-PoolService-0] LogUtils - Open URL: https://crm.anhtester.com/admin/authentication
[INFO] 17-01-2024 23:16:49 [TestNG-PoolService-0] LogUtils - Set text admin@example.com on input By.xpath: //input[@id='email']
[INFO] 17-01-2024 23:16:49 [TestNG-PoolService-0] LogUtils - Set text 123456 on input By.xpath: //input[@id='password']
[INFO] 17-01-2024 23:16:53 [TestNG-PoolService-0] LogUtils - Click on element By.xpath: //button[normalize-space()='Login']
[INFO] 17-01-2024 23:16:53 [TestNG-PoolService-0] LogUtils - Get current URL is: false
[INFO] 17-01-2024 23:16:53 [TestNG-PoolService-0] LogUtils - ==> loginSuccess is successfully.
[INFO] 17-01-2024 23:21:33 [main] LogUtils - *********loginWithEmailInvalid*********
[INFO] 17-01-2024 23:21:34 [main] LogUtils - Open URL: https://crm.anhtester.com/admin/authentication
[INFO] 17-01-2024 23:21:35 [main] LogUtils - Set text adminn@example.com on input By.xpath: //input[@id='email']
[INFO] 17-01-2024 23:21:36 [main] LogUtils - Set text 123456 on input By.xpath: //input[@id='password']
[INFO] 17-01-2024 23:21:37 [main] LogUtils - Click on element By.xpath: //button[normalize-space()='Login']
[INFO] 17-01-2024 23:21:37 [main] LogUtils - Get current URL is: true
[INFO] 17-01-2024 23:21:37 [main] LogUtils - Text show By.xpath: //div[@id='alerts']
[INFO] 17-01-2024 23:21:37 [main] LogUtils - Get text of element By.xpath: //div[@id='alerts'] is: Invalid email or password
[INFO] 17-01-2024 23:21:37 [main] LogUtils - ==> loginWithEmailInvalid is successfully.
[INFO] 17-01-2024 23:26:03 [main] LogUtils - *********loginSuccess*********
[INFO] 17-01-2024 23:26:05 [main] LogUtils - Open URL: https://crm.anhtester.com/admin/authentication
[INFO] 17-01-2024 23:26:06 [main] LogUtils - Set text admin@example.com on input By.xpath: //input[@id='email']
[INFO] 17-01-2024 23:26:07 [main] LogUtils - Set text 123456 on input By.xpath: //input[@id='password']
[INFO] 17-01-2024 23:26:10 [main] LogUtils - Click on element By.xpath: //button[normalize-space()='Login']
[INFO] 17-01-2024 23:26:10 [main] LogUtils - Get current URL is: false
[INFO] 17-01-2024 23:26:12 [main] LogUtils - Click on element By.xpath: //span[normalize-space()='Customers']
[INFO] 17-01-2024 23:26:12 [main] LogUtils - ==> loginSuccess is successfully.
[INFO] 17-01-2024 23:40:45 [main] LogUtils - *********loginSuccess*********
[INFO] 17-01-2024 23:40:48 [main] LogUtils - Open URL: https://crm.anhtester.com/admin/authentication
[INFO] 17-01-2024 23:40:49 [main] LogUtils - Set text admin@example.com on input By.xpath: //input[@id='email']
[INFO] 17-01-2024 23:40:49 [main] LogUtils - Set text 123456 on input By.xpath: //input[@id='password']
[INFO] 17-01-2024 23:40:53 [main] LogUtils - Click on element By.xpath: //button[normalize-space()='Login']
[INFO] 17-01-2024 23:40:53 [main] LogUtils - Get current URL is: false
[INFO] 17-01-2024 23:40:54 [main] LogUtils - Click on element By.xpath: //span[normalize-space()='Customers']
[INFO] 17-01-2024 23:40:55 [main] LogUtils - ==> loginSuccess is successfully.
[INFO] 17-01-2024 23:42:15 [main] LogUtils - *********loginSuccess*********
[INFO] 17-01-2024 23:42:17 [main] LogUtils - Open URL: https://crm.anhtester.com/admin/authentication
[INFO] 17-01-2024 23:42:18 [main] LogUtils - Set text admin@example.com on input By.xpath: //input[@id='email']
[INFO] 17-01-2024 23:42:19 [main] LogUtils - Set text 123456 on input By.xpath: //input[@id='password']
[INFO] 17-01-2024 23:42:22 [main] LogUtils - Click on element By.xpath: //button[normalize-space()='Login']
[INFO] 17-01-2024 23:42:22 [main] LogUtils - Get current URL is: authentication
[INFO] 17-01-2024 23:42:24 [main] LogUtils - Click on element By.xpath: //span[normalize-space()='Customers']
[INFO] 17-01-2024 23:42:24 [main] LogUtils - ==> loginSuccess is successfully.
[INFO] 17-01-2024 23:44:19 [main] LogUtils - *********loginWithEmailInvalid*********
[INFO] 17-01-2024 23:44:21 [main] LogUtils - Open URL: https://crm.anhtester.com/admin/authentication
[INFO] 17-01-2024 23:44:22 [main] LogUtils - Set text admin@example.com on input By.xpath: //input[@id='email']
[INFO] 17-01-2024 23:44:23 [main] LogUtils - Set text 123456 on input By.xpath: //input[@id='password']
[INFO] 17-01-2024 23:44:26 [main] LogUtils - Click on element By.xpath: //button[normalize-space()='Login']
[INFO] 17-01-2024 23:44:26 [main] LogUtils - Get current URL is: authentication
[ERROR] 17-01-2024 23:44:36 [main] LogUtils - Timeout waiting for the element Visible. By.xpath: //div[@id='alerts']
[ERROR] 17-01-2024 23:44:36 [main] LogUtils - ==> loginWithEmailInvalid is FAIL.
[INFO] 17-01-2024 23:45:46 [main] LogUtils - *********loginWithEmailInvalid*********
[INFO] 17-01-2024 23:45:48 [main] LogUtils - Open URL: https://crm.anhtester.com/admin/authentication
[INFO] 17-01-2024 23:45:48 [main] LogUtils - Set text adminn@example.com on input By.xpath: //input[@id='email']
[INFO] 17-01-2024 23:45:49 [main] LogUtils - Set text 123456 on input By.xpath: //input[@id='password']
[INFO] 17-01-2024 23:45:50 [main] LogUtils - Click on element By.xpath: //button[normalize-space()='Login']
[INFO] 17-01-2024 23:45:50 [main] LogUtils - Get current URL is: authentication
[INFO] 17-01-2024 23:45:50 [main] LogUtils - Text show By.xpath: //div[@id='alerts']
[INFO] 17-01-2024 23:45:50 [main] LogUtils - Get text of element By.xpath: //div[@id='alerts'] is: Invalid email or password
[ERROR] 17-01-2024 23:45:51 [main] LogUtils - ==> loginWithEmailInvalid is FAIL.
[INFO] 17-01-2024 23:51:56 [main] LogUtils - *********loginWithEmailInvalid*********
[INFO] 17-01-2024 23:51:58 [main] LogUtils - Open URL: https://crm.anhtester.com/admin/authentication
[INFO] 17-01-2024 23:51:59 [main] LogUtils - Set text adminn@example.com on input By.xpath: //input[@id='email']
[INFO] 17-01-2024 23:51:59 [main] LogUtils - Set text 123456 on input By.xpath: //input[@id='password']
[INFO] 17-01-2024 23:52:01 [main] LogUtils - Click on element By.xpath: //button[normalize-space()='Login']
[INFO] 17-01-2024 23:52:01 [main] LogUtils - Get current URL is: authentication
[INFO] 17-01-2024 23:52:01 [main] LogUtils - Text show By.xpath: //div[@id='alerts']
[INFO] 17-01-2024 23:52:01 [main] LogUtils - Get text of element By.xpath: //div[@id='alerts'] is: Invalid email or passwordaaaaaaa
[ERROR] 17-01-2024 23:52:01 [main] LogUtils - ==> loginWithEmailInvalid is FAIL.
[INFO] 17-01-2024 23:52:46 [main] LogUtils - *********loginWithEmailInvalid*********
[INFO] 17-01-2024 23:52:48 [main] LogUtils - Open URL: https://crm.anhtester.com/admin/authentication
[INFO] 17-01-2024 23:52:49 [main] LogUtils - Set text adminn@example.com on input By.xpath: //input[@id='email']
[INFO] 17-01-2024 23:52:50 [main] LogUtils - Set text 123456 on input By.xpath: //input[@id='password']
[INFO] 17-01-2024 23:52:51 [main] LogUtils - Click on element By.xpath: //button[normalize-space()='Login']
[INFO] 17-01-2024 23:52:51 [main] LogUtils - Get current URL is: authentication
[INFO] 17-01-2024 23:52:51 [main] LogUtils - Text show By.xpath: //div[@id='alerts']
[INFO] 17-01-2024 23:52:51 [main] LogUtils - Get text of element By.xpath: //div[@id='alerts'] is: Invalid email or password
[ERROR] 17-01-2024 23:52:51 [main] LogUtils - ==> loginWithEmailInvalid is FAIL.
[INFO] 17-01-2024 23:54:19 [main] LogUtils - *********loginWithEmailInvalid*********
[INFO] 17-01-2024 23:54:21 [main] LogUtils - Open URL: https://crm.anhtester.com/admin/authentication
[INFO] 17-01-2024 23:54:22 [main] LogUtils - Set text adminn@example.com on input By.xpath: //input[@id='email']
[INFO] 17-01-2024 23:54:23 [main] LogUtils - Set text 123456 on input By.xpath: //input[@id='password']
[INFO] 17-01-2024 23:54:24 [main] LogUtils - Click on element By.xpath: //button[normalize-space()='Login']
[INFO] 17-01-2024 23:54:24 [main] LogUtils - Get current URL is: authentication
[INFO] 17-01-2024 23:54:24 [main] LogUtils - Text show By.xpath: //div[@id='alerts']
[INFO] 17-01-2024 23:54:24 [main] LogUtils - Get text of element By.xpath: //div[@id='alerts'] is: Invalid email or password
[INFO] 17-01-2024 23:54:24 [main] LogUtils - ==> loginWithEmailInvalid is successfully.
[INFO] 17-01-2024 23:54:26 [main] LogUtils - *********loginWithPasswordInvalid*********
[INFO] 17-01-2024 23:54:28 [main] LogUtils - Open URL: https://crm.anhtester.com/admin/authentication
[INFO] 17-01-2024 23:54:28 [main] LogUtils - Set text admin@example.com on input By.xpath: //input[@id='email']
[INFO] 17-01-2024 23:54:29 [main] LogUtils - Set text 1234567 on input By.xpath: //input[@id='password']
[INFO] 17-01-2024 23:54:30 [main] LogUtils - Click on element By.xpath: //button[normalize-space()='Login']
[INFO] 17-01-2024 23:54:30 [main] LogUtils - Get current URL is: authentication
[INFO] 17-01-2024 23:54:30 [main] LogUtils - Text show By.xpath: //div[@id='alerts']
[INFO] 17-01-2024 23:54:30 [main] LogUtils - Get text of element By.xpath: //div[@id='alerts'] is: Invalid email or password
[INFO] 17-01-2024 23:54:31 [main] LogUtils - ==> loginWithPasswordInvalid is successfully.
[INFO] 17-01-2024 23:54:32 [main] LogUtils - *********loginWithEmailPasswordEmpty*********
[INFO] 17-01-2024 23:54:33 [main] LogUtils - Open URL: https://crm.anhtester.com/admin/authentication
[INFO] 17-01-2024 23:54:34 [main] LogUtils - Set text  on input By.xpath: //input[@id='email']
[INFO] 17-01-2024 23:54:35 [main] LogUtils - Set text  on input By.xpath: //input[@id='password']
[INFO] 17-01-2024 23:54:36 [main] LogUtils - Click on element By.xpath: //button[normalize-space()='Login']
[INFO] 17-01-2024 23:54:36 [main] LogUtils - Get current URL is: authentication
[INFO] 17-01-2024 23:54:36 [main] LogUtils - Text show By.xpath: //div[normalize-space()='The Password field is required.']
[INFO] 17-01-2024 23:54:36 [main] LogUtils - Text show By.xpath: //div[normalize-space()='The Email Address field is required.']
[INFO] 17-01-2024 23:54:36 [main] LogUtils - Get text of element By.xpath: //div[normalize-space()='The Password field is required.'] is: The Password field is required.
[INFO] 17-01-2024 23:54:36 [main] LogUtils - Get text of element By.xpath: //div[normalize-space()='The Email Address field is required.'] is: The Email Address field is required.
[INFO] 17-01-2024 23:54:36 [main] LogUtils - ==> loginWithEmailPasswordEmpty is successfully.
[INFO] 17-01-2024 23:54:38 [main] LogUtils - *********loginWithEmailEmpty*********
[INFO] 17-01-2024 23:54:39 [main] LogUtils - Open URL: https://crm.anhtester.com/admin/authentication
[INFO] 17-01-2024 23:54:39 [main] LogUtils - Set text  on input By.xpath: //input[@id='email']
[INFO] 17-01-2024 23:54:40 [main] LogUtils - Set text 123456 on input By.xpath: //input[@id='password']
[INFO] 17-01-2024 23:54:41 [main] LogUtils - Click on element By.xpath: //button[normalize-space()='Login']
[INFO] 17-01-2024 23:54:41 [main] LogUtils - Text show By.xpath: //div[normalize-space()='The Email Address field is required.']
[INFO] 17-01-2024 23:54:42 [main] LogUtils - Get text of element By.xpath: //div[normalize-space()='The Email Address field is required.'] is: The Email Address field is required.
[INFO] 17-01-2024 23:54:42 [main] LogUtils - ==> loginWithEmailEmpty is successfully.
[INFO] 17-01-2024 23:54:43 [main] LogUtils - *********loginWithPasswordEmpty*********
[INFO] 17-01-2024 23:54:44 [main] LogUtils - Open URL: https://crm.anhtester.com/admin/authentication
[INFO] 17-01-2024 23:54:45 [main] LogUtils - Set text admin@example.com on input By.xpath: //input[@id='email']
[INFO] 17-01-2024 23:54:46 [main] LogUtils - Set text  on input By.xpath: //input[@id='password']
[INFO] 17-01-2024 23:54:47 [main] LogUtils - Click on element By.xpath: //button[normalize-space()='Login']
[INFO] 17-01-2024 23:54:47 [main] LogUtils - Text show By.xpath: //div[normalize-space()='The Password field is required.']
[INFO] 17-01-2024 23:54:47 [main] LogUtils - Get text of element By.xpath: //div[normalize-space()='The Password field is required.'] is: The Password field is required.
[INFO] 17-01-2024 23:54:47 [main] LogUtils - ==> loginWithPasswordEmpty is successfully.
[INFO] 17-01-2024 23:54:49 [main] LogUtils - *********chooseCheckboxRemenber*********
[INFO] 17-01-2024 23:54:50 [main] LogUtils - Open URL: https://crm.anhtester.com/admin/authentication
[INFO] 17-01-2024 23:54:51 [main] LogUtils - Click on element By.xpath: //label[normalize-space()='Remember me']
[INFO] 17-01-2024 23:54:51 [main] LogUtils - ==> chooseCheckboxRemenber is successfully.
[INFO] 17-01-2024 23:54:53 [main] LogUtils - *********loginSuccess*********
[INFO] 17-01-2024 23:54:54 [main] LogUtils - Open URL: https://crm.anhtester.com/admin/authentication
[INFO] 17-01-2024 23:54:55 [main] LogUtils - Set text admin@example.com on input By.xpath: //input[@id='email']
[INFO] 17-01-2024 23:54:56 [main] LogUtils - Set text 123456 on input By.xpath: //input[@id='password']
[INFO] 17-01-2024 23:55:00 [main] LogUtils - Click on element By.xpath: //button[normalize-space()='Login']
[INFO] 17-01-2024 23:55:01 [main] LogUtils - Get current URL is: authentication
[INFO] 17-01-2024 23:55:02 [main] LogUtils - Click on element By.xpath: //span[normalize-space()='Customers']
[INFO] 17-01-2024 23:55:02 [main] LogUtils - ==> loginSuccess is successfully.
[INFO] 27-02-2024 15:15:34 [main] LogUtils - *********createUserWithFirstNameInvalid*********
[INFO] 27-02-2024 15:15:38 [main] LogUtils - Open URL: https://crm.anhtester.com/admin/authentication
[INFO] 27-02-2024 15:15:39 [main] LogUtils - Set text anhtester@email.com on input By.xpath: //input[@id='email']
[INFO] 27-02-2024 15:15:40 [main] LogUtils - Set text AnhTester@2023# on input By.xpath: //input[@id='password']
[INFO] 27-02-2024 15:15:44 [main] LogUtils - Click on element By.xpath: //button[normalize-space()='Login']
[INFO] 27-02-2024 15:15:44 [main] LogUtils - Get current URL is: authentication
[INFO] 27-02-2024 15:15:45 [main] LogUtils - Click on element By.xpath: //a[@class='open-customizer']
[INFO] 27-02-2024 15:15:47 [main] LogUtils - Click on element By.xpath: //a[@href='https://crm.anhtester.com/admin/staff']
[INFO] 27-02-2024 15:15:48 [main] LogUtils - Click on element By.xpath: //a[normalize-space()='New Staff Member']
[INFO] 27-02-2024 15:15:50 [main] LogUtils - Set text  on input By.xpath: //input[@id='firstname']
[INFO] 27-02-2024 15:15:51 [main] LogUtils - Set text lastName on input By.xpath: //input[@id='lastname']
[INFO] 27-02-2024 15:15:52 [main] LogUtils - Set text email@gmail.com on input By.xpath: //input[@id='email']
[INFO] 27-02-2024 15:15:52 [main] LogUtils - Set text password on input By.xpath: //input[@name='password']
[INFO] 27-02-2024 15:15:54 [main] LogUtils - Click on element By.xpath: //button[normalize-space()='Save']
[INFO] 27-02-2024 15:15:54 [main] LogUtils - Text show By.xpath: //p[@id='firstname-error']
[INFO] 27-02-2024 15:15:54 [main] LogUtils - Get text of element By.xpath: //p[@id='firstname-error'] is: This field is required.
[INFO] 27-02-2024 15:15:54 [main] LogUtils - Text show By.xpath: //p[@id='firstname-error']
[INFO] 27-02-2024 15:15:54 [main] LogUtils - Get text of element By.xpath: //p[@id='firstname-error'] is: This field is required.
[INFO] 27-02-2024 15:15:54 [main] LogUtils - ==> createUserWithFirstNameInvalid is successfully.
[INFO] 27-02-2024 15:15:56 [main] LogUtils - *********createUserWithLastNameInvalid*********
[INFO] 27-02-2024 15:15:57 [main] LogUtils - Open URL: https://crm.anhtester.com/admin/authentication
[INFO] 27-02-2024 15:15:58 [main] LogUtils - Set text anhtester@email.com on input By.xpath: //input[@id='email']
[INFO] 27-02-2024 15:15:59 [main] LogUtils - Set text AnhTester@2023# on input By.xpath: //input[@id='password']
[INFO] 27-02-2024 15:16:02 [main] LogUtils - Click on element By.xpath: //button[normalize-space()='Login']
[INFO] 27-02-2024 15:16:02 [main] LogUtils - Get current URL is: authentication
[INFO] 27-02-2024 15:16:04 [main] LogUtils - Click on element By.xpath: //a[@class='open-customizer']
[INFO] 27-02-2024 15:16:06 [main] LogUtils - Click on element By.xpath: //a[@href='https://crm.anhtester.com/admin/staff']
[INFO] 27-02-2024 15:16:07 [main] LogUtils - Click on element By.xpath: //a[normalize-space()='New Staff Member']
[INFO] 27-02-2024 15:16:09 [main] LogUtils - Set text firstName on input By.xpath: //input[@id='firstname']
[INFO] 27-02-2024 15:16:10 [main] LogUtils - Set text  on input By.xpath: //input[@id='lastname']
[INFO] 27-02-2024 15:16:10 [main] LogUtils - Set text email@gmail.com on input By.xpath: //input[@id='email']
[INFO] 27-02-2024 15:16:11 [main] LogUtils - Set text password on input By.xpath: //input[@name='password']
[INFO] 27-02-2024 15:16:12 [main] LogUtils - Click on element By.xpath: //button[normalize-space()='Save']
[ERROR] 27-02-2024 15:16:23 [main] LogUtils - Timeout waiting for the element Visible. By.xpath: //p[@id='firstname-error']
[ERROR] 27-02-2024 15:16:23 [main] LogUtils - ==> createUserWithLastNameInvalid is FAIL.
[INFO] 27-02-2024 15:16:25 [main] LogUtils - *********createUserWithEmailNull*********
[INFO] 27-02-2024 15:16:26 [main] LogUtils - Open URL: https://crm.anhtester.com/admin/authentication
[INFO] 27-02-2024 15:16:27 [main] LogUtils - Set text anhtester@email.com on input By.xpath: //input[@id='email']
[INFO] 27-02-2024 15:16:28 [main] LogUtils - Set text AnhTester@2023# on input By.xpath: //input[@id='password']
[INFO] 27-02-2024 15:16:31 [main] LogUtils - Click on element By.xpath: //button[normalize-space()='Login']
[INFO] 27-02-2024 15:16:31 [main] LogUtils - Get current URL is: authentication
[INFO] 27-02-2024 15:16:32 [main] LogUtils - Click on element By.xpath: //a[@class='open-customizer']
[INFO] 27-02-2024 15:16:34 [main] LogUtils - Click on element By.xpath: //a[@href='https://crm.anhtester.com/admin/staff']
[INFO] 27-02-2024 15:16:36 [main] LogUtils - Click on element By.xpath: //a[normalize-space()='New Staff Member']
[INFO] 27-02-2024 15:16:37 [main] LogUtils - Set text firstName on input By.xpath: //input[@id='firstname']
[INFO] 27-02-2024 15:16:38 [main] LogUtils - Set text lastName on input By.xpath: //input[@id='lastname']
[INFO] 27-02-2024 15:16:39 [main] LogUtils - Set text  on input By.xpath: //input[@id='email']
[INFO] 27-02-2024 15:16:39 [main] LogUtils - Set text password on input By.xpath: //input[@name='password']
[INFO] 27-02-2024 15:16:41 [main] LogUtils - Click on element By.xpath: //button[normalize-space()='Save']
[ERROR] 27-02-2024 15:16:51 [main] LogUtils - Timeout waiting for the element Visible. By.xpath: //p[@id='firstname-error']
[ERROR] 27-02-2024 15:16:51 [main] LogUtils - ==> createUserWithEmailNull is FAIL.
[INFO] 27-02-2024 15:16:53 [main] LogUtils - *********createUserWithEmailInvalid*********
[INFO] 27-02-2024 15:16:54 [main] LogUtils - Open URL: https://crm.anhtester.com/admin/authentication
[INFO] 27-02-2024 15:16:55 [main] LogUtils - Set text anhtester@email.com on input By.xpath: //input[@id='email']
[INFO] 27-02-2024 15:16:55 [main] LogUtils - Set text AnhTester@2023# on input By.xpath: //input[@id='password']
[INFO] 27-02-2024 15:16:58 [main] LogUtils - Click on element By.xpath: //button[normalize-space()='Login']
[INFO] 27-02-2024 15:16:59 [main] LogUtils - Get current URL is: authentication
[INFO] 27-02-2024 15:17:00 [main] LogUtils - Click on element By.xpath: //a[@class='open-customizer']
[INFO] 27-02-2024 15:17:02 [main] LogUtils - Click on element By.xpath: //a[@href='https://crm.anhtester.com/admin/staff']
[INFO] 27-02-2024 15:17:03 [main] LogUtils - Click on element By.xpath: //a[normalize-space()='New Staff Member']
[INFO] 27-02-2024 15:17:05 [main] LogUtils - Set text firstName on input By.xpath: //input[@id='firstname']
[INFO] 27-02-2024 15:17:05 [main] LogUtils - Set text firstName on input By.xpath: //input[@id='lastname']
[INFO] 27-02-2024 15:17:06 [main] LogUtils - Set text email on input By.xpath: //input[@id='email']
[INFO] 27-02-2024 15:17:07 [main] LogUtils - Set text password on input By.xpath: //input[@name='password']
[INFO] 27-02-2024 15:17:08 [main] LogUtils - Click on element By.xpath: //button[normalize-space()='Save']
[ERROR] 27-02-2024 15:17:18 [main] LogUtils - Timeout waiting for the element Visible. By.xpath: //p[@id='firstname-error']
[ERROR] 27-02-2024 15:17:18 [main] LogUtils - ==> createUserWithEmailInvalid is FAIL.
[INFO] 27-02-2024 15:17:20 [main] LogUtils - *********createUserWithPasswordInvalid*********
[INFO] 27-02-2024 15:17:21 [main] LogUtils - Open URL: https://crm.anhtester.com/admin/authentication
[INFO] 27-02-2024 15:17:22 [main] LogUtils - Set text anhtester@email.com on input By.xpath: //input[@id='email']
[INFO] 27-02-2024 15:17:23 [main] LogUtils - Set text AnhTester@2023# on input By.xpath: //input[@id='password']
[INFO] 27-02-2024 15:17:26 [main] LogUtils - Click on element By.xpath: //button[normalize-space()='Login']
[INFO] 27-02-2024 15:17:26 [main] LogUtils - Get current URL is: authentication
[INFO] 27-02-2024 15:17:27 [main] LogUtils - Click on element By.xpath: //a[@class='open-customizer']
[INFO] 27-02-2024 15:17:29 [main] LogUtils - Click on element By.xpath: //a[@href='https://crm.anhtester.com/admin/staff']
[INFO] 27-02-2024 15:17:30 [main] LogUtils - Click on element By.xpath: //a[normalize-space()='New Staff Member']
[INFO] 27-02-2024 15:17:32 [main] LogUtils - Set text firstName on input By.xpath: //input[@id='firstname']
[INFO] 27-02-2024 15:17:32 [main] LogUtils - Set text firstName on input By.xpath: //input[@id='lastname']
[INFO] 27-02-2024 15:17:33 [main] LogUtils - Set text email on input By.xpath: //input[@id='email']
[INFO] 27-02-2024 15:17:34 [main] LogUtils - Set text  on input By.xpath: //input[@name='password']
[INFO] 27-02-2024 15:17:35 [main] LogUtils - Click on element By.xpath: //button[normalize-space()='Save']
[ERROR] 27-02-2024 15:17:45 [main] LogUtils - Timeout waiting for the element Visible. By.xpath: //p[@id='firstname-error']
[ERROR] 27-02-2024 15:17:45 [main] LogUtils - ==> createUserWithPasswordInvalid is FAIL.
[INFO] 27-02-2024 16:37:31 [main] LogUtils - *********createUserWithPasswordInvalid*********
[INFO] 27-02-2024 16:37:33 [main] LogUtils - Open URL: https://crm.anhtester.com/admin/authentication
[INFO] 27-02-2024 16:37:34 [main] LogUtils - Set text anhtester@email.com on input By.xpath: //input[@id='email']
[INFO] 27-02-2024 16:37:35 [main] LogUtils - Set text AnhTester@2023# on input By.xpath: //input[@id='password']
[INFO] 27-02-2024 16:37:38 [main] LogUtils - Click on element By.xpath: //button[normalize-space()='Login']
[INFO] 27-02-2024 16:37:38 [main] LogUtils - Get current URL is: authentication
[INFO] 27-02-2024 16:37:39 [main] LogUtils - Click on element By.xpath: //a[@class='open-customizer']
[INFO] 27-02-2024 16:37:42 [main] LogUtils - Click on element By.xpath: //a[@href='https://crm.anhtester.com/admin/staff']
[INFO] 27-02-2024 16:37:43 [main] LogUtils - Click on element By.xpath: //a[normalize-space()='New Staff Member']
[INFO] 27-02-2024 16:37:44 [main] LogUtils - Set text firstName on input By.xpath: //input[@id='firstname']
[INFO] 27-02-2024 16:37:45 [main] LogUtils - Set text firstName on input By.xpath: //input[@id='lastname']
[INFO] 27-02-2024 16:37:45 [main] LogUtils - Set text email on input By.xpath: //input[@id='email']
[INFO] 27-02-2024 16:37:46 [main] LogUtils - Set text  on input By.xpath: //input[@name='password']
[INFO] 27-02-2024 16:37:47 [main] LogUtils - Click on element By.xpath: //button[normalize-space()='Save']
[INFO] 27-02-2024 16:37:47 [main] LogUtils - Text show By.xpath: //p[@id='password-error']
[INFO] 27-02-2024 16:37:47 [main] LogUtils - Get text of element By.xpath: //p[@id='password-error'] is: This field is required.
[INFO] 27-02-2024 16:37:47 [main] LogUtils - ==> createUserWithPasswordInvalid is successfully.
[INFO] 27-02-2024 16:38:22 [main] LogUtils - *********createUserWithEmailInvalid*********
[INFO] 27-02-2024 16:38:25 [main] LogUtils - Open URL: https://crm.anhtester.com/admin/authentication
[INFO] 27-02-2024 16:38:26 [main] LogUtils - Set text anhtester@email.com on input By.xpath: //input[@id='email']
[INFO] 27-02-2024 16:38:27 [main] LogUtils - Set text AnhTester@2023# on input By.xpath: //input[@id='password']
[INFO] 27-02-2024 16:38:31 [main] LogUtils - Click on element By.xpath: //button[normalize-space()='Login']
[INFO] 27-02-2024 16:38:31 [main] LogUtils - Get current URL is: authentication
[INFO] 27-02-2024 16:38:33 [main] LogUtils - Click on element By.xpath: //a[@class='open-customizer']
[INFO] 27-02-2024 16:38:34 [main] LogUtils - Click on element By.xpath: //a[@href='https://crm.anhtester.com/admin/staff']
[INFO] 27-02-2024 16:38:36 [main] LogUtils - Click on element By.xpath: //a[normalize-space()='New Staff Member']
[INFO] 27-02-2024 16:38:37 [main] LogUtils - Set text firstName on input By.xpath: //input[@id='firstname']
[INFO] 27-02-2024 16:38:38 [main] LogUtils - Set text firstName on input By.xpath: //input[@id='lastname']
[INFO] 27-02-2024 16:38:38 [main] LogUtils - Set text email on input By.xpath: //input[@id='email']
[INFO] 27-02-2024 16:38:39 [main] LogUtils - Set text password on input By.xpath: //input[@name='password']
[INFO] 27-02-2024 16:38:40 [main] LogUtils - Click on element By.xpath: //button[normalize-space()='Save']
[INFO] 27-02-2024 16:38:40 [main] LogUtils - Text show By.xpath: //p[@id='email-error']
[INFO] 27-02-2024 16:38:40 [main] LogUtils - Get text of element By.xpath: //p[@id='email-error'] is: Please enter a valid email address.
[ERROR] 27-02-2024 16:38:40 [main] LogUtils - ==> createUserWithEmailInvalid is FAIL.
[INFO] 27-02-2024 16:42:16 [main] LogUtils - *********createUserWithEmailInvalid*********
[INFO] 27-02-2024 16:42:19 [main] LogUtils - Open URL: https://crm.anhtester.com/admin/authentication
[INFO] 27-02-2024 16:42:19 [main] LogUtils - Set text anhtester@email.com on input By.xpath: //input[@id='email']
[INFO] 27-02-2024 16:42:20 [main] LogUtils - Set text AnhTester@2023# on input By.xpath: //input[@id='password']
[INFO] 27-02-2024 16:42:23 [main] LogUtils - Click on element By.xpath: //button[normalize-space()='Login']
[INFO] 27-02-2024 16:42:23 [main] LogUtils - Get current URL is: authentication
[INFO] 27-02-2024 16:42:25 [main] LogUtils - Click on element By.xpath: //a[@class='open-customizer']
[INFO] 27-02-2024 16:42:27 [main] LogUtils - Click on element By.xpath: //a[@href='https://crm.anhtester.com/admin/staff']
[INFO] 27-02-2024 16:42:29 [main] LogUtils - Click on element By.xpath: //a[normalize-space()='New Staff Member']
[INFO] 27-02-2024 16:42:30 [main] LogUtils - Set text firstName on input By.xpath: //input[@id='firstname']
[INFO] 27-02-2024 16:42:31 [main] LogUtils - Set text firstName on input By.xpath: //input[@id='lastname']
[INFO] 27-02-2024 16:42:31 [main] LogUtils - Set text email on input By.xpath: //input[@id='email']
[INFO] 27-02-2024 16:42:32 [main] LogUtils - Set text password on input By.xpath: //input[@name='password']
[INFO] 27-02-2024 16:42:33 [main] LogUtils - Click on element By.xpath: //button[normalize-space()='Save']
[INFO] 27-02-2024 16:42:33 [main] LogUtils - Text show By.xpath: //p[@id='email-error']
[INFO] 27-02-2024 16:42:33 [main] LogUtils - Get text of element By.xpath: //p[@id='email-error'] is: Please enter a valid email address.
[INFO] 27-02-2024 16:42:33 [main] LogUtils - ==> createUserWithEmailInvalid is successfully.
[INFO] 27-02-2024 16:42:49 [main] LogUtils - *********createUserWithEmailNull*********
[INFO] 27-02-2024 16:42:51 [main] LogUtils - Open URL: https://crm.anhtester.com/admin/authentication
[INFO] 27-02-2024 16:42:52 [main] LogUtils - Set text anhtester@email.com on input By.xpath: //input[@id='email']
[INFO] 27-02-2024 16:42:53 [main] LogUtils - Set text AnhTester@2023# on input By.xpath: //input[@id='password']
[INFO] 27-02-2024 16:42:56 [main] LogUtils - Click on element By.xpath: //button[normalize-space()='Login']
[INFO] 27-02-2024 16:42:56 [main] LogUtils - Get current URL is: authentication
[INFO] 27-02-2024 16:42:57 [main] LogUtils - Click on element By.xpath: //a[@class='open-customizer']
[INFO] 27-02-2024 16:43:00 [main] LogUtils - Click on element By.xpath: //a[@href='https://crm.anhtester.com/admin/staff']
[INFO] 27-02-2024 16:43:01 [main] LogUtils - Click on element By.xpath: //a[normalize-space()='New Staff Member']
[INFO] 27-02-2024 16:43:03 [main] LogUtils - Set text firstName on input By.xpath: //input[@id='firstname']
[INFO] 27-02-2024 16:43:03 [main] LogUtils - Set text lastName on input By.xpath: //input[@id='lastname']
[INFO] 27-02-2024 16:43:04 [main] LogUtils - Set text  on input By.xpath: //input[@id='email']
[INFO] 27-02-2024 16:43:05 [main] LogUtils - Set text password on input By.xpath: //input[@name='password']
[INFO] 27-02-2024 16:43:06 [main] LogUtils - Click on element By.xpath: //button[normalize-space()='Save']
[ERROR] 27-02-2024 16:43:16 [main] LogUtils - Timeout waiting for the element Visible. By.xpath: //p[@id='lastname-error']
[ERROR] 27-02-2024 16:43:16 [main] LogUtils - ==> createUserWithEmailNull is FAIL.
[INFO] 27-02-2024 16:44:50 [main] LogUtils - *********createUserWithEmailNull*********
[INFO] 27-02-2024 16:44:52 [main] LogUtils - Open URL: https://crm.anhtester.com/admin/authentication
[INFO] 27-02-2024 16:44:53 [main] LogUtils - Set text anhtester@email.com on input By.xpath: //input[@id='email']
[INFO] 27-02-2024 16:44:54 [main] LogUtils - Set text AnhTester@2023# on input By.xpath: //input[@id='password']
[INFO] 27-02-2024 16:44:57 [main] LogUtils - Click on element By.xpath: //button[normalize-space()='Login']
[INFO] 27-02-2024 16:44:57 [main] LogUtils - Get current URL is: authentication
[INFO] 27-02-2024 16:44:58 [main] LogUtils - Click on element By.xpath: //a[@class='open-customizer']
[INFO] 27-02-2024 16:45:00 [main] LogUtils - Click on element By.xpath: //a[@href='https://crm.anhtester.com/admin/staff']
[INFO] 27-02-2024 16:45:02 [main] LogUtils - Click on element By.xpath: //a[normalize-space()='New Staff Member']
[INFO] 27-02-2024 16:45:02 [main] LogUtils - Set text firstName on input By.xpath: //input[@id='firstname']
[INFO] 27-02-2024 16:45:03 [main] LogUtils - Set text lastName on input By.xpath: //input[@id='lastname']
[INFO] 27-02-2024 16:45:04 [main] LogUtils - Set text  on input By.xpath: //input[@id='email']
[INFO] 27-02-2024 16:45:04 [main] LogUtils - Set text password on input By.xpath: //input[@name='password']
[INFO] 27-02-2024 16:45:06 [main] LogUtils - Click on element By.xpath: //button[normalize-space()='Save']
[INFO] 27-02-2024 16:45:06 [main] LogUtils - Text show By.xpath: //p[@id='email-error']
[INFO] 27-02-2024 16:45:06 [main] LogUtils - Get text of element By.xpath: //p[@id='email-error'] is: This field is required.
[INFO] 27-02-2024 16:45:06 [main] LogUtils - ==> createUserWithEmailNull is successfully.
[INFO] 27-02-2024 16:46:27 [main] LogUtils - *********createUserWithLastNameInvalid*********
[INFO] 27-02-2024 16:46:30 [main] LogUtils - Open URL: https://crm.anhtester.com/admin/authentication
[INFO] 27-02-2024 16:46:30 [main] LogUtils - Set text anhtester@email.com on input By.xpath: //input[@id='email']
[INFO] 27-02-2024 16:46:31 [main] LogUtils - Set text AnhTester@2023# on input By.xpath: //input[@id='password']
[INFO] 27-02-2024 16:46:35 [main] LogUtils - Click on element By.xpath: //button[normalize-space()='Login']
[INFO] 27-02-2024 16:46:35 [main] LogUtils - Get current URL is: authentication
[INFO] 27-02-2024 16:46:36 [main] LogUtils - Click on element By.xpath: //a[@class='open-customizer']
[INFO] 27-02-2024 16:46:38 [main] LogUtils - Click on element By.xpath: //a[@href='https://crm.anhtester.com/admin/staff']
[INFO] 27-02-2024 16:46:39 [main] LogUtils - Click on element By.xpath: //a[normalize-space()='New Staff Member']
[INFO] 27-02-2024 16:46:40 [main] LogUtils - Set text firstName on input By.xpath: //input[@id='firstname']
[INFO] 27-02-2024 16:46:41 [main] LogUtils - Set text  on input By.xpath: //input[@id='lastname']
[INFO] 27-02-2024 16:46:41 [main] LogUtils - Set text email@gmail.com on input By.xpath: //input[@id='email']
[INFO] 27-02-2024 16:46:42 [main] LogUtils - Set text password on input By.xpath: //input[@name='password']
[INFO] 27-02-2024 16:46:43 [main] LogUtils - Click on element By.xpath: //button[normalize-space()='Save']
[INFO] 27-02-2024 16:46:43 [main] LogUtils - Text show By.xpath: //p[@id='lastname-error']
[INFO] 27-02-2024 16:46:43 [main] LogUtils - Get text of element By.xpath: //p[@id='lastname-error'] is: This field is required.
[INFO] 27-02-2024 16:46:43 [main] LogUtils - ==> createUserWithLastNameInvalid is successfully.
[INFO] 27-02-2024 16:47:06 [main] LogUtils - *********createUserWithFirstNameInvalid*********
[INFO] 27-02-2024 16:47:08 [main] LogUtils - Open URL: https://crm.anhtester.com/admin/authentication
[INFO] 27-02-2024 16:47:09 [main] LogUtils - Set text anhtester@email.com on input By.xpath: //input[@id='email']
[INFO] 27-02-2024 16:47:10 [main] LogUtils - Set text AnhTester@2023# on input By.xpath: //input[@id='password']
[INFO] 27-02-2024 16:47:13 [main] LogUtils - Click on element By.xpath: //button[normalize-space()='Login']
[INFO] 27-02-2024 16:47:13 [main] LogUtils - Get current URL is: authentication
[INFO] 27-02-2024 16:47:14 [main] LogUtils - Click on element By.xpath: //a[@class='open-customizer']
[INFO] 27-02-2024 16:47:15 [main] LogUtils - Click on element By.xpath: //a[@href='https://crm.anhtester.com/admin/staff']
[INFO] 27-02-2024 16:47:17 [main] LogUtils - Click on element By.xpath: //a[normalize-space()='New Staff Member']
[INFO] 27-02-2024 16:47:18 [main] LogUtils - Set text  on input By.xpath: //input[@id='firstname']
[INFO] 27-02-2024 16:47:19 [main] LogUtils - Set text lastName on input By.xpath: //input[@id='lastname']
[INFO] 27-02-2024 16:47:19 [main] LogUtils - Set text email@gmail.com on input By.xpath: //input[@id='email']
[INFO] 27-02-2024 16:47:20 [main] LogUtils - Set text password on input By.xpath: //input[@name='password']
[INFO] 27-02-2024 16:47:21 [main] LogUtils - Click on element By.xpath: //button[normalize-space()='Save']
[INFO] 27-02-2024 16:47:21 [main] LogUtils - Text show By.xpath: //p[@id='firstname-error']
[INFO] 27-02-2024 16:47:21 [main] LogUtils - Get text of element By.xpath: //p[@id='firstname-error'] is: This field is required.
[INFO] 27-02-2024 16:47:21 [main] LogUtils - ==> createUserWithFirstNameInvalid is successfully.
